SF:lib/app/core/network/network_info.dart
DA:10,1
DA:12,1
DA:13,2
LF:3
LH:3
end_of_record
SF:lib/app/core/entities/image.dart
DA:5,4
DA:6,4
DA:8,13
LF:3
LH:3
end_of_record
SF:lib/app/core/generate_hash/generate_hash.dart
DA:15,1
DA:17,1
DA:19,6
DA:22,1
DA:23,2
LF:5
LH:5
end_of_record
SF:lib/app/core/error/exceptions.dart
DA:10,4
DA:18,3
DA:20,1
DA:22,2
DA:23,1
DA:24,3
LF:6
LH:6
end_of_record
SF:lib/app/core/service/response_service.dart
DA:2,3
DA:14,1
DA:18,1
DA:19,3
DA:20,3
DA:21,3
DA:22,3
DA:25,1
DA:27,3
DA:28,3
DA:29,3
DA:30,2
LF:12
LH:12
end_of_record
SF:lib/app/core/service/service.dart
DA:16,1
DA:19,1
DA:25,3
DA:27,1
DA:28,1
DA:29,2
DA:30,1
DA:31,1
DA:33,1
DA:34,1
DA:35,1
DA:36,1
DA:37,1
DA:38,1
DA:39,1
LF:15
LH:15
end_of_record
SF:lib/app/core/usecases/usecase.dart
DA:10,1
LF:1
LH:1
end_of_record
SF:lib/app/core/error/failure.dart
DA:6,4
DA:8,2
DA:9,2
LF:3
LH:3
end_of_record
SF:lib/app/features/comics/data/datasources/comics_remote_data_source.dart
DA:18,1
DA:21,1
DA:26,1
DA:29,3
DA:30,1
DA:31,1
DA:35,2
DA:36,2
DA:37,2
DA:40,1
DA:42,1
DA:43,1
DA:47,1
DA:48,1
DA:50,1
DA:51,2
LF:16
LH:16
end_of_record
SF:lib/app/features/comics/data/models/response_comics_model.dart
DA:12,4
DA:18,4
DA:20,4
DA:23,4
DA:24,8
DA:26,8
DA:28,2
DA:29,2
DA:30,2
DA:31,2
DA:32,2
DA:33,2
DA:34,2
DA:35,2
DA:36,6
DA:42,2
DA:46,2
DA:47,6
DA:48,6
DA:49,6
DA:50,6
DA:53,1
DA:55,11
LF:23
LH:23
end_of_record
SF:lib/app/core/entities/response_data.dart
DA:5,10
LF:1
LH:1
end_of_record
SF:lib/app/core/models/image_model.dart
DA:4,10
DA:7,10
DA:12,2
DA:13,2
DA:14,2
DA:15,2
DA:19,5
DA:20,5
DA:21,5
DA:22,5
DA:26,2
DA:30,2
DA:31,6
DA:32,6
DA:35,2
DA:36,10
LF:16
LH:16
end_of_record
SF:lib/app/features/comics/data/models/comic_model.dart
DA:10,5
DA:17,5
DA:26,3
DA:27,3
DA:28,3
DA:29,3
DA:30,3
DA:31,3
DA:33,6
DA:34,3
DA:35,12
DA:41,1
DA:42,1
DA:43,1
DA:44,1
DA:45,1
DA:46,1
DA:47,2
DA:48,5
DA:52,2
DA:56,1
DA:57,3
DA:58,3
DA:59,3
DA:60,3
DA:61,3
DA:62,3
DA:65,1
DA:67,3
DA:68,3
DA:69,3
DA:70,3
DA:71,3
DA:72,2
LF:34
LH:34
end_of_record
SF:lib/app/features/comics/domain/entities/comic.dart
DA:11,6
LF:1
LH:1
end_of_record
SF:lib/app/features/comics/data/repositories/comics_repository_impl.dart
DA:15,1
DA:21,1
DA:26,3
DA:28,3
DA:34,1
DA:35,1
DA:36,2
DA:39,2
LF:8
LH:8
end_of_record
SF:lib/app/features/comics/domain/usecases/get_comics.dart
DA:12,1
DA:15,1
DA:18,2
DA:19,1
DA:20,1
DA:21,1
DA:31,2
LF:7
LH:7
end_of_record
SF:lib/app/features/comics/presentation/controllers/comics_controller.dart
DA:16,1
DA:21,1
DA:22,2
DA:24,2
DA:25,1
DA:26,2
DA:30,2
DA:31,1
DA:32,2
LF:9
LH:9
end_of_record
SF:lib/app/features/comics/presentation/controllers/comics_controller.g.dart
DA:14,1
DA:16,4
DA:18,1
DA:20,1
DA:23,1
DA:24,1
LF:6
LH:6
end_of_record
SF:lib/app/core/controllers/infinite_paging_controller.g.dart
DA:15,2
DA:17,8
DA:19,2
DA:22,2
DA:24,8
DA:26,2
DA:29,2
DA:31,8
DA:33,2
DA:36,2
DA:38,8
DA:40,2
DA:43,2
DA:44,2
DA:45,6
DA:47,2
DA:50,2
DA:51,2
DA:52,6
DA:54,2
DA:58,2
DA:60,4
DA:61,2
DA:64,2
DA:66,8
DA:67,2
DA:73,2
DA:75,4
DA:76,2
DA:79,2
DA:81,8
DA:82,2
DA:89,2
DA:91,4
DA:92,2
DA:95,2
DA:97,8
DA:98,2
DA:105,2
DA:107,4
DA:108,2
DA:111,2
DA:113,8
DA:114,2
DA:121,2
DA:123,4
DA:124,2
DA:127,2
DA:129,8
DA:130,2
DA:137,2
DA:139,4
DA:140,2
DA:143,2
DA:145,8
DA:146,2
DA:153,2
DA:155,2
DA:156,2
DA:158,2
DA:160,4
DA:164,2
DA:166,2
DA:167,2
DA:169,2
DA:171,4
DA:175,2
DA:177,2
DA:178,2
DA:180,2
DA:182,4
DA:186,2
DA:188,2
DA:189,2
DA:191,2
DA:193,4
DA:197,2
DA:200,4
DA:203,2
DA:205,4
DA:209,2
DA:211,2
DA:212,2
DA:214,2
DA:216,4
DA:220,0
DA:223,0
DA:224,0
DA:225,0
DA:226,0
DA:227,0
DA:228,0
DA:229,0
LF:93
LH:85
end_of_record
SF:lib/app/core/controllers/infinite_paging_controller.dart
DA:15,2
DA:16,2
DA:20,2
DA:21,2
DA:22,2
DA:25,4
DA:26,6
DA:31,2
DA:32,2
DA:33,2
DA:36,2
DA:41,2
DA:42,2
DA:43,2
DA:46,2
DA:49,2
DA:55,2
DA:57,2
DA:58,4
DA:59,2
DA:60,6
DA:61,2
DA:64,2
DA:68,2
DA:70,4
DA:71,6
DA:76,2
DA:77,2
DA:78,2
DA:81,2
DA:86,2
DA:87,2
DA:88,2
DA:91,2
DA:94,2
DA:98,2
DA:99,2
DA:100,4
DA:101,2
DA:102,6
DA:103,2
DA:105,2
DA:108,2
DA:109,2
DA:111,2
LF:45
LH:45
end_of_record
SF:lib/app/features/character/data/datasources/character_remote_data_source.dart
DA:18,1
DA:21,1
DA:25,1
DA:28,3
DA:30,1
DA:34,2
DA:35,1
DA:36,1
DA:37,2
DA:40,1
DA:42,1
DA:43,1
DA:47,1
DA:48,1
DA:50,1
DA:51,2
LF:16
LH:16
end_of_record
SF:lib/app/features/character/data/models/response_character_model.dart
DA:11,4
DA:17,4
DA:19,4
DA:22,4
DA:23,8
DA:25,8
DA:27,1
DA:28,1
DA:29,1
DA:30,1
DA:31,1
DA:32,1
DA:33,1
DA:34,1
DA:35,3
DA:41,1
DA:45,1
DA:46,3
DA:47,3
DA:48,3
DA:49,3
DA:52,1
DA:54,11
LF:23
LH:23
end_of_record
SF:lib/app/features/character/domain/entities/character.dart
DA:9,6
LF:1
LH:1
end_of_record
SF:lib/app/features/character/data/models/character_model.dart
DA:7,5
DA:12,5
DA:19,1
DA:20,1
DA:21,1
DA:22,1
DA:23,1
DA:24,2
DA:28,2
DA:29,2
DA:30,2
DA:31,2
DA:32,2
DA:34,4
DA:38,2
DA:42,1
DA:43,3
DA:44,3
DA:45,3
DA:46,3
DA:49,1
DA:51,3
DA:52,3
DA:53,3
DA:54,2
LF:25
LH:25
end_of_record
SF:lib/app/features/character/data/repositories/character_repository_impl.dart
DA:15,1
DA:21,1
DA:25,3
DA:27,3
DA:32,1
DA:33,1
DA:34,2
DA:37,2
LF:8
LH:8
end_of_record
SF:lib/app/features/character/domain/usecases/get_characters.dart
DA:13,1
DA:16,1
DA:19,2
DA:20,1
DA:21,1
DA:30,2
LF:6
LH:6
end_of_record
SF:lib/app/features/character/presentation/controllers/characters_controller.dart
DA:17,1
DA:21,1
DA:22,2
DA:26,1
DA:27,1
DA:29,1
DA:30,1
DA:33,2
DA:34,1
DA:35,1
DA:39,2
DA:40,1
DA:41,1
LF:13
LH:13
end_of_record
SF:lib/app/features/character/presentation/controllers/characters_controller.g.dart
DA:14,1
DA:15,1
DA:16,3
DA:18,1
DA:21,1
DA:22,2
DA:23,2
DA:25,1
DA:30,1
DA:32,2
DA:33,1
DA:36,1
DA:38,4
DA:39,1
DA:43,1
DA:46,1
DA:47,1
DA:48,1
LF:18
LH:18
end_of_record
