SF:lib/app/core/network/network_info.dart
DA:10,1
DA:12,1
DA:13,2
LF:3
LH:3
end_of_record
SF:lib/app/core/error/exceptions.dart
DA:10,0
DA:18,0
DA:20,0
DA:22,0
DA:23,0
DA:24,0
LF:6
LH:0
end_of_record
SF:lib/app/core/service/response_service.dart
DA:4,2
DA:16,0
DA:18,0
DA:19,0
DA:22,0
DA:25,1
DA:29,1
DA:30,3
DA:31,3
DA:32,3
DA:33,3
DA:36,0
DA:38,0
DA:39,0
DA:40,0
DA:41,0
LF:16
LH:7
end_of_record
SF:lib/app/core/service/service.dart
DA:16,1
DA:19,1
DA:25,3
DA:27,1
DA:28,1
DA:29,2
DA:30,1
DA:31,1
DA:33,0
DA:34,0
DA:35,0
DA:36,0
DA:37,0
DA:38,0
DA:39,0
LF:15
LH:8
end_of_record
SF:lib/app/core/generate_hash/generate_hash.dart
DA:15,1
DA:17,1
DA:19,2
DA:20,3
DA:22,1
DA:25,0
DA:26,0
LF:7
LH:5
end_of_record
SF:lib/app/features/character/data/datasources/character_remote_data_source.dart
DA:18,1
DA:21,1
DA:27,1
DA:30,0
DA:36,3
DA:38,1
DA:42,2
DA:43,2
DA:44,2
DA:47,1
DA:49,1
DA:50,0
LF:12
LH:10
end_of_record
SF:lib/app/features/character/data/models/response_character_model.dart
DA:11,3
DA:17,9
DA:19,0
DA:21,0
DA:23,1
DA:24,1
DA:25,1
DA:26,1
DA:29,1
DA:30,1
DA:31,1
DA:32,3
DA:38,1
DA:42,1
DA:43,3
DA:44,3
DA:45,3
DA:46,3
DA:49,0
DA:51,0
LF:20
LH:16
end_of_record
SF:lib/app/features/character/data/models/character_model.dart
DA:10,4
DA:16,4
DA:24,1
DA:25,1
DA:26,1
DA:27,1
DA:28,1
DA:29,2
DA:30,2
DA:34,2
DA:35,2
DA:36,2
DA:37,2
DA:38,2
DA:40,4
DA:41,4
DA:45,0
DA:47,0
DA:50,1
DA:54,1
DA:55,3
DA:56,3
DA:57,3
DA:58,3
DA:59,3
DA:62,0
DA:64,0
DA:65,0
DA:66,0
DA:67,0
DA:68,0
LF:31
LH:23
end_of_record
SF:lib/app/features/character/domain/entities/character.dart
DA:11,5
LF:1
LH:1
end_of_record
SF:lib/app/features/character/data/models/comics_model.dart
DA:9,4
DA:14,4
DA:21,1
DA:22,1
DA:23,1
DA:24,1
DA:25,5
DA:26,1
DA:30,2
DA:31,2
DA:32,2
DA:33,2
DA:34,2
DA:35,8
DA:38,2
DA:42,1
DA:46,1
DA:47,3
DA:48,3
DA:49,3
DA:50,3
DA:53,0
DA:55,0
DA:56,0
DA:57,0
DA:58,0
LF:26
LH:21
end_of_record
SF:lib/app/features/character/data/models/thumbnail_model.dart
DA:4,4
DA:7,4
DA:12,1
DA:13,1
DA:14,1
DA:15,1
DA:19,2
DA:20,2
DA:21,2
DA:22,2
DA:26,1
DA:30,1
DA:31,3
DA:32,3
DA:35,0
DA:36,0
LF:16
LH:14
end_of_record
SF:lib/app/features/character/data/models/comic_model.dart
DA:4,4
DA:7,4
DA:12,1
DA:13,1
DA:14,1
DA:15,1
DA:19,2
DA:20,2
DA:21,2
DA:22,2
DA:26,1
DA:30,1
DA:31,3
DA:32,3
DA:35,0
DA:36,0
LF:16
LH:14
end_of_record
SF:lib/app/features/character/domain/entities/comic.dart
DA:5,5
LF:1
LH:1
end_of_record
SF:lib/app/features/character/domain/entities/comics.dart
DA:9,5
LF:1
LH:1
end_of_record
SF:lib/app/features/character/domain/entities/response_character.dart
DA:7,4
LF:1
LH:1
end_of_record
SF:lib/app/features/character/domain/entities/thumbnail.dart
DA:5,5
LF:1
LH:1
end_of_record
SF:lib/app/core/error/failure.dart
DA:6,2
DA:8,1
DA:9,1
LF:3
LH:3
end_of_record
SF:lib/app/features/character/data/repositories/character_repository_impl.dart
DA:15,1
DA:21,1
DA:25,3
DA:28,3
DA:30,1
DA:31,1
DA:32,2
DA:35,2
LF:8
LH:8
end_of_record
SF:lib/app/features/character/domain/usecases/get_characters.dart
DA:13,1
DA:16,1
DA:19,2
DA:20,1
DA:21,1
DA:30,2
LF:6
LH:6
end_of_record
SF:lib/app/core/usecases/usecase.dart
DA:10,0
LF:1
LH:0
end_of_record
SF:lib/app/features/character/presentation/controllers/characters_controller.g.dart
DA:14,0
DA:16,0
DA:18,0
DA:21,1
DA:22,1
DA:23,3
DA:25,1
DA:28,1
DA:29,2
DA:30,2
DA:32,1
DA:35,1
DA:36,2
DA:37,2
DA:39,1
DA:42,0
DA:43,0
DA:44,0
DA:46,0
DA:49,0
DA:50,0
DA:51,0
DA:53,0
DA:57,0
DA:59,0
DA:60,0
DA:63,1
DA:65,4
DA:66,1
DA:72,1
DA:74,2
DA:75,1
DA:78,1
DA:80,4
DA:81,1
DA:88,1
DA:90,2
DA:91,1
DA:94,1
DA:96,4
DA:97,1
DA:104,1
DA:106,2
DA:107,1
DA:110,1
DA:112,4
DA:113,1
DA:120,0
DA:122,0
DA:123,0
DA:126,0
DA:128,0
DA:129,0
DA:130,0
DA:137,0
DA:139,0
DA:140,0
DA:143,0
DA:145,0
DA:146,0
DA:147,0
DA:154,1
DA:156,1
DA:157,1
DA:159,1
DA:161,2
DA:165,1
DA:167,1
DA:168,1
DA:170,1
DA:172,2
DA:176,1
DA:178,1
DA:179,1
DA:181,1
DA:183,2
DA:187,0
DA:189,0
DA:190,0
DA:192,0
DA:194,0
DA:198,0
DA:201,0
DA:204,0
DA:206,0
DA:210,0
DA:212,0
DA:213,0
DA:215,0
DA:217,0
DA:221,0
DA:224,0
DA:225,0
DA:226,0
DA:227,0
DA:228,0
DA:229,0
DA:230,0
LF:98
LH:48
end_of_record
SF:lib/app/features/character/presentation/controllers/characters_controller.dart
DA:17,1
DA:23,0
DA:24,0
DA:28,1
DA:29,1
DA:30,1
DA:33,2
DA:34,3
DA:39,1
DA:40,1
DA:41,1
DA:44,1
DA:49,1
DA:50,1
DA:51,1
DA:54,1
DA:57,1
DA:58,1
DA:59,1
DA:60,4
DA:61,1
DA:62,1
DA:63,1
DA:65,1
DA:68,0
DA:70,0
DA:71,0
DA:76,0
DA:77,0
DA:78,0
DA:81,0
DA:86,0
DA:87,0
DA:88,0
DA:91,0
DA:94,0
DA:95,0
DA:96,0
DA:97,0
DA:98,0
DA:99,0
DA:100,0
DA:102,0
DA:105,1
DA:106,1
DA:107,0
DA:108,1
DA:109,1
DA:113,1
LF:49
LH:27
end_of_record
